<?xml version="1.0" encoding="UTF-8"?>
<!-- Generated by org.testng.reporters.JUnitReportReporter -->
<testsuite hostname="2135d30cb9f2" failures="0" tests="20" name="com.hodor.tests.flightreservation.FlightReservationTest" time="42.982" errors="0" timestamp="2025-08-23T16:56:29 GMT" skipped="0">
  <testcase classname="com.hodor.tests.flightreservation.FlightReservationTest" name="flightsReservationConfirmationTest" time="2.299"/>
  <testcase classname="com.hodor.tests.flightreservation.FlightReservationTest" name="userRegistrationTest" time="2.994"/>
  <testcase classname="com.hodor.tests.flightreservation.FlightReservationTest" name="flightsSearchTest" time="2.852"/>
  <testcase classname="com.hodor.tests.flightreservation.FlightReservationTest" name="registrationConfirmationTest" time="2.095"/>
  <testcase classname="com.hodor.tests.flightreservation.FlightReservationTest" name="flightsSelectionTest" time="2.746"/>
  <testcase classname="com.hodor.tests.flightreservation.FlightReservationTest" name="flightsReservationConfirmationTest" time="0.744"/>
  <testcase classname="com.hodor.tests.flightreservation.FlightReservationTest" name="userRegistrationTest" time="3.020"/>
  <testcase classname="com.hodor.tests.flightreservation.FlightReservationTest" name="userRegistrationTest" time="2.997"/>
  <testcase classname="com.hodor.tests.flightreservation.FlightReservationTest" name="flightsReservationConfirmationTest" time="2.315"/>
  <testcase classname="com.hodor.tests.flightreservation.FlightReservationTest" name="flightsReservationConfirmationTest" time="1.235"/>
  <testcase classname="com.hodor.tests.flightreservation.FlightReservationTest" name="registrationConfirmationTest" time="2.105"/>
  <testcase classname="com.hodor.tests.flightreservation.FlightReservationTest" name="flightsSearchTest" time="1.132"/>
  <testcase classname="com.hodor.tests.flightreservation.FlightReservationTest" name="flightsSelectionTest" time="2.137"/>
  <testcase classname="com.hodor.tests.flightreservation.FlightReservationTest" name="flightsSelectionTest" time="1.056"/>
  <testcase classname="com.hodor.tests.flightreservation.FlightReservationTest" name="registrationConfirmationTest" time="2.143"/>
  <testcase classname="com.hodor.tests.flightreservation.FlightReservationTest" name="flightsSearchTest" time="1.641"/>
  <testcase classname="com.hodor.tests.flightreservation.FlightReservationTest" name="registrationConfirmationTest" time="2.095"/>
  <testcase classname="com.hodor.tests.flightreservation.FlightReservationTest" name="flightsSearchTest" time="2.211"/>
  <testcase classname="com.hodor.tests.flightreservation.FlightReservationTest" name="userRegistrationTest" time="3.020"/>
  <testcase classname="com.hodor.tests.flightreservation.FlightReservationTest" name="flightsSelectionTest" time="2.145"/>
</testsuite> <!-- com.hodor.tests.flightreservation.FlightReservationTest -->
