<?xml version="1.0" encoding="UTF-8"?>
<!-- Generated by org.testng.reporters.JUnitReportReporter -->
<testsuite hostname="2135d30cb9f2" failures="0" tests="9" name="com.hodor.tests.vendorportal.VendorPortalTest" time="14.743" errors="0" timestamp="2025-08-23T16:58:55 GMT" skipped="0">
  <testcase classname="com.hodor.tests.vendorportal.VendorPortalTest" name="loginTest" time="0.970"/>
  <testcase classname="com.hodor.tests.vendorportal.VendorPortalTest" name="dashboardTest" time="2.130"/>
  <testcase classname="com.hodor.tests.vendorportal.VendorPortalTest" name="logoutTest" time="3.435"/>
  <testcase classname="com.hodor.tests.vendorportal.VendorPortalTest" name="loginTest" time="0.991"/>
  <testcase classname="com.hodor.tests.vendorportal.VendorPortalTest" name="dashboardTest" time="1.000"/>
  <testcase classname="com.hodor.tests.vendorportal.VendorPortalTest" name="loginTest" time="0.991"/>
  <testcase classname="com.hodor.tests.vendorportal.VendorPortalTest" name="dashboardTest" time="2.092"/>
  <testcase classname="com.hodor.tests.vendorportal.VendorPortalTest" name="logoutTest" time="1.355"/>
  <testcase classname="com.hodor.tests.vendorportal.VendorPortalTest" name="logoutTest" time="1.779"/>
</testsuite> <!-- com.hodor.tests.vendorportal.VendorPortalTest -->
